
> prisma-ia@0.1.0 dev
> next dev

  ▲ Next.js 14.2.35
  - Local:        http://localhost:3000
  - Environments: .env.local, .env

 ✓ Starting...
 ✓ Ready in 2.7s
 ✓ Compiled /middleware in 327ms (129 modules)
 ○ Compiling /director/tracking-performance ...
 ✓ Compiled /director/tracking-performance in 6.9s (2619 modules)
 ✓ Compiled in 704ms (1199 modules)
Using the user object as returned from supabase.auth.getSession() or from some supabase.auth.onAuthStateChange() events could be insecure! This value comes directly from the storage medium (usually cookies on the server) and may not be authentic. Use supabase.auth.getUser() instead which authenticates the data by contacting the Supabase Auth server.
 POST /director/tracking-performance 200 in 8967ms
 POST /director/tracking-performance 200 in 159ms
 POST /director/tracking-performance 200 in 278ms
 ○ Compiling /api/mercado/sync ...
 ✓ Compiled /api/mercado/sync in 3.3s (1462 modules)
Warning: TT: undefined function: 32
Warning: TT: undefined function: 32
(node:35176) [DEP0005] DeprecationWarning: Buffer() is deprecated due to security and usability issues. Please use the Buffer.alloc(), Buffer.allocUnsafe(), or Buffer.from() methods instead.
(Use `node --trace-deprecation ...` to show where the warning was created)
 POST /director/tracking-performance 200 in 311ms
 POST /director/tracking-performance 200 in 612ms
 GET /api/mercado/sync 200 in 120005ms
 POST /director/tracking-performance 200 in 233ms
 ✓ Compiled in 627ms (2605 modules)
 ✓ Compiled in 448ms (1199 modules)
 POST /director/tracking-performance 200 in 1067ms
 ✓ Compiled in 424ms (1199 modules)
 POST /director/tracking-performance 200 in 659ms
 POST /director/tracking-performance 200 in 743ms
 ✓ Compiled /api/mercado/sync in 377ms (1462 modules)
Warning: TT: undefined function: 32
Warning: TT: undefined function: 32
 POST /director/tracking-performance 200 in 218ms
 POST /director/tracking-performance 200 in 516ms
 GET /api/mercado/sync 200 in 90000ms
 POST /director/tracking-performance 200 in 485ms
 POST /director/tracking-performance 200 in 476ms
 POST /director/tracking-performance 200 in 596ms
 POST /director/tracking-performance 200 in 455ms
 POST /director/tracking-performance 200 in 294ms
 POST /director/tracking-performance 200 in 351ms
 ✓ Compiled in 969ms (2619 modules)
 POST /director/tracking-performance 200 in 374ms
 ✓ Compiled in 417ms (1199 modules)
 ✓ Compiled in 430ms (1199 modules)
 ✓ Compiled in 384ms (1199 modules)
 POST /director/tracking-performance 200 in 858ms
 ✓ Compiled /api/mercado/sync in 337ms (1462 modules)
Warning: TT: undefined function: 32
Warning: TT: undefined function: 32
 GET /api/mercado/sync 200 in 46503ms
 POST /director/tracking-performance 200 in 317ms
 ✓ Compiled in 930ms (2619 modules)
 ✓ Compiled /api/mercado/sync in 212ms (1462 modules)
 POST /director/tracking-performance 200 in 641ms
Warning: TT: undefined function: 32
Warning: TT: undefined function: 32
 GET /api/mercado/sync 200 in 43537ms
 POST /director/tracking-performance 200 in 404ms
 POST /director/tracking-performance 200 in 340ms
 POST /director/tracking-performance 200 in 425ms
 POST /director/tracking-performance 200 in 801ms
 ✓ Compiled in 791ms (2619 modules)
 POST /director/tracking-performance 200 in 695ms
 ✓ Compiled in 372ms (1199 modules)
 POST /director/tracking-performance 200 in 430ms
 ✓ Compiled /api/mercado/sync in 486ms (1462 modules)
Warning: TT: undefined function: 32
Warning: TT: undefined function: 32
 GET /api/mercado/sync 200 in 12896ms
 POST /director/tracking-performance 200 in 210ms
 POST /director/tracking-performance 200 in 449ms
 POST /director/tracking-performance 200 in 1952ms
 POST /director/tracking-performance 200 in 665ms
 POST /director/tracking-performance 200 in 316ms
 POST /director/tracking-performance 200 in 283ms
 ✓ Compiled in 510ms (1199 modules)
 ✓ Compiled in 333ms (1199 modules)
 ✓ Compiled in 327ms (1199 modules)
 POST /director/tracking-performance 200 in 429ms
 ✓ Compiled in 411ms (1199 modules)
 ✓ Compiled in 349ms (1199 modules)
 ✓ Compiled in 337ms (1199 modules)
 ✓ Compiled in 394ms (1199 modules)
 ✓ Compiled in 346ms (1199 modules)
 POST /director/tracking-performance 200 in 525ms
 ✓ Compiled in 399ms (1199 modules)
 ✓ Compiled in 242ms (1199 modules)
 ✓ Compiled in 526ms (1199 modules)
 ✓ Compiled in 288ms (1199 modules)
 POST /director/tracking-performance 200 in 412ms
 ✓ Compiled in 328ms (1199 modules)
 ✓ Compiled in 374ms (1199 modules)
 ✓ Compiled in 392ms (1199 modules)
 ✓ Compiled in 321ms (1199 modules)
 POST /director/tracking-performance 200 in 274ms
 ✓ Compiled in 351ms (1199 modules)
 ✓ Compiled in 341ms (1199 modules)
 ✓ Compiled in 322ms (1199 modules)
 ✓ Compiled in 253ms (1199 modules)
 POST /director/tracking-performance 200 in 569ms
 POST /director/tracking-performance 200 in 861ms
 POST /director/tracking-performance 200 in 568ms
 POST /director/tracking-performance 200 in 470ms
 ✓ Compiled in 543ms (1199 modules)
 ✓ Compiled in 340ms (1199 modules)
 POST /director/tracking-performance 200 in 337ms
 ✓ Compiled in 1707ms (2619 modules)
 ✓ Compiled in 436ms (2605 modules)
 POST /director/tracking-performance 200 in 955ms
 ✓ Compiled in 422ms (2605 modules)
 ✓ Compiled in 382ms (2605 modules)
 POST /director/tracking-performance 200 in 508ms
 ✓ Compiled in 386ms (2605 modules)
 ✓ Compiled in 994ms (2619 modules)
 POST /director/tracking-performance 200 in 567ms
 ✓ Compiled in 1346ms (2619 modules)
 ✓ Compiled in 833ms (2619 modules)
 POST /director/tracking-performance 200 in 296ms
 POST /director/tracking-performance 200 in 351ms
 POST /director/tracking-performance 200 in 538ms
Using the user object as returned from supabase.auth.getSession() or from some supabase.auth.onAuthStateChange() events could be insecure! This value comes directly from the storage medium (usually cookies on the server) and may not be authentic. Use supabase.auth.getUser() instead which authenticates the data by contacting the Supabase Auth server.
 GET /director/tracking-performance 200 in 1176ms
 POST /director/tracking-performance 200 in 406ms
 ○ Compiling /auth/login ...
 ✓ Compiled /auth/login in 2.3s (2641 modules)
 POST /director/tracking-performance 303 in 2881ms
 POST /auth/login 200 in 469ms
 ○ Compiling /api/auth/check-status ...
 ✓ Compiled /api/auth/check-status in 699ms (1460 modules)
Using the user object as returned from supabase.auth.getSession() or from some supabase.auth.onAuthStateChange() events could be insecure! This value comes directly from the storage medium (usually cookies on the server) and may not be authentic. Use supabase.auth.getUser() instead which authenticates the data by contacting the Supabase Auth server.
 GET /api/auth/check-status 200 in 1235ms
 ○ Compiling /asesor/dashboard ...
 ✓ Compiled /asesor/dashboard in 5.7s (4234 modules)
Using the user object as returned from supabase.auth.getSession() or from some supabase.auth.onAuthStateChange() events could be insecure! This value comes directly from the storage medium (usually cookies on the server) and may not be authentic. Use supabase.auth.getUser() instead which authenticates the data by contacting the Supabase Auth server.
Using the user object as returned from supabase.auth.getSession() or from some supabase.auth.onAuthStateChange() events could be insecure! This value comes directly from the storage medium (usually cookies on the server) and may not be authentic. Use supabase.auth.getUser() instead which authenticates the data by contacting the Supabase Auth server.
 ○ Compiling /api/asesor/creditos ...
 ✓ Compiled /api/asesor/creditos in 1324ms (2296 modules)
 GET /api/asesor/creditos 200 in 1873ms
 GET /api/asesor/creditos 200 in 527ms
 ○ Compiling /asesor/tracking-performance ...
 ✓ Compiled /asesor/tracking-performance in 587ms (4242 modules)
Using the user object as returned from supabase.auth.getSession() or from some supabase.auth.onAuthStateChange() events could be insecure! This value comes directly from the storage medium (usually cookies on the server) and may not be authentic. Use supabase.auth.getUser() instead which authenticates the data by contacting the Supabase Auth server.
 POST /asesor/tracking-performance 200 in 602ms
 POST /asesor/tracking-performance 200 in 276ms
Using the user object as returned from supabase.auth.getSession() or from some supabase.auth.onAuthStateChange() events could be insecure! This value comes directly from the storage medium (usually cookies on the server) and may not be authentic. Use supabase.auth.getUser() instead which authenticates the data by contacting the Supabase Auth server.
 POST /asesor/tracking-performance 200 in 2017ms
 POST /asesor/tracking-performance 200 in 192ms
 POST /asesor/tracking-performance 200 in 151ms
Error updating performance log: {
  code: 'PGRST116',
  details: 'The result contains 0 rows',
  hint: null,
  message: 'Cannot coerce the result to a single JSON object'
}
 POST /asesor/tracking-performance 500 in 584ms
 ⨯ actions\tracking\updatePerformanceLog.ts (36:11) @ updatePerformanceLog
 ⨯ Error: Cannot coerce the result to a single JSON object
    at updatePerformanceLog (./actions/tracking/updatePerformanceLog.ts:36:15)
digest: "3337213558"
[0m [90m 34 |[39m   [36mif[39m (error) {[0m
[0m [90m 35 |[39m     console[33m.[39merror([32m"Error updating performance log:"[39m[33m,[39m error)[33m;[39m[0m
[0m[31m[1m>[22m[39m[90m 36 |[39m     [36mthrow[39m [36mnew[39m [33mError[39m(error[33m.[39mmessage)[33m;[39m[0m
[0m [90m    |[39m           [31m[1m^[22m[39m[0m
[0m [90m 37 |[39m   }[0m
[0m [90m 38 |[39m[0m
[0m [90m 39 |[39m   revalidatePath([32m"/director/tracking-performance"[39m)[33m;[39m[0m
 POST /asesor/tracking-performance 200 in 588ms
Using the user object as returned from supabase.auth.getSession() or from some supabase.auth.onAuthStateChange() events could be insecure! This value comes directly from the storage medium (usually cookies on the server) and may not be authentic. Use supabase.auth.getUser() instead which authenticates the data by contacting the Supabase Auth server.
 POST /asesor/tracking-performance 200 in 1059ms
 POST /asesor/tracking-performance 200 in 316ms
 POST /asesor/tracking-performance 200 in 966ms
 ✓ Compiled in 1648ms (4214 modules)
 POST /asesor/tracking-performance 200 in 315ms
 ✓ Compiled in 611ms (4214 modules)
 ✓ Compiled in 474ms (4214 modules)
 POST /asesor/tracking-performance 200 in 633ms
 POST /asesor/tracking-performance 200 in 600ms
Using the user object as returned from supabase.auth.getSession() or from some supabase.auth.onAuthStateChange() events could be insecure! This value comes directly from the storage medium (usually cookies on the server) and may not be authentic. Use supabase.auth.getUser() instead which authenticates the data by contacting the Supabase Auth server.
 POST /asesor/tracking-performance 200 in 1400ms
 POST /asesor/tracking-performance 200 in 125ms
 POST /asesor/tracking-performance 303 in 281ms
 POST /auth/login 200 in 463ms
 ○ Compiling /api/auth/check-status ...
 ✓ Compiled /api/auth/check-status in 774ms (2298 modules)
Using the user object as returned from supabase.auth.getSession() or from some supabase.auth.onAuthStateChange() events could be insecure! This value comes directly from the storage medium (usually cookies on the server) and may not be authentic. Use supabase.auth.getUser() instead which authenticates the data by contacting the Supabase Auth server.
 GET /api/auth/check-status 200 in 1188ms
 ○ Compiling /director/dashboard ...
 ✓ Compiled /director/dashboard in 4.2s (5154 modules)
Using the user object as returned from supabase.auth.getSession() or from some supabase.auth.onAuthStateChange() events could be insecure! This value comes directly from the storage medium (usually cookies on the server) and may not be authentic. Use supabase.auth.getUser() instead which authenticates the data by contacting the Supabase Auth server.
Using the user object as returned from supabase.auth.getSession() or from some supabase.auth.onAuthStateChange() events could be insecure! This value comes directly from the storage medium (usually cookies on the server) and may not be authentic. Use supabase.auth.getUser() instead which authenticates the data by contacting the Supabase Auth server.
 POST /director/tracking-performance 200 in 630ms
